
Showing logs for build [32mcb-kubecd-environment-pr-469-4-7fl8v-1[0m stage [32mfrom-build-pack[0m and container [32mstep-credential-initializer-gcrrr[0m
{"level":"warn","ts":1585147762.9157665,"logger":"fallback-logger","caller":"logging/config.go:69","msg":"Fetch GitHub commit ID from kodata failed: \"ref: refs/heads/0.8.0-**-support-backwards-incompats\" is not a valid GitHub commit ID"}
{"level":"info","ts":1585147762.917158,"logger":"fallback-logger","caller":"creds-init/main.go:40","msg":"Credentials initialized."}

Showing logs for build [32mcb-kubecd-environment-pr-469-4-7fl8v-1[0m stage [32mfrom-build-pack[0m and container [32mstep-working-dir-initializer-ncjpq[0m
{"level":"warn","ts":1585147764.323015,"logger":"fallback-logger","caller":"logging/config.go:69","msg":"Fetch GitHub commit ID from kodata failed: open /var/run/ko/HEAD: no such file or directory"}
{"level":"info","ts":1585147764.3273628,"logger":"fallback-logger","caller":"bash/main.go:64","msg":"Successfully executed command \"sh -c mkdir -p /workspace/source\"; output "}

Showing logs for build [32mcb-kubecd-environment-pr-469-4-7fl8v-1[0m stage [32mfrom-build-pack[0m and container [32mstep-place-tools[0m

Showing logs for build [32mcb-kubecd-environment-pr-469-4-7fl8v-1[0m stage [32mfrom-build-pack[0m and container [32mstep-git-source-cb-kubecd-environment-pr-469-4-7fl8v-qdtzc[0m
{"level":"warn","ts":1585147768.4140182,"logger":"fallback-logger","caller":"logging/config.go:69","msg":"Fetch GitHub commit ID from kodata failed: \"ref: refs/heads/0.8.0-**-support-backwards-incompats\" is not a valid GitHub commit ID"}
{"level":"info","ts":1585147769.5919712,"logger":"fallback-logger","caller":"git/git.go:103","msg":"Successfully cloned https://github.com/cb-kubecd/environment-pr-469-4-bdd-frontend-staging.git @ master in path /workspace/source"}

Showing logs for build [32mcb-kubecd-environment-pr-469-4-7fl8v-1[0m stage [32mfrom-build-pack[0m and container [32mstep-git-merge[0m
Using SHAs from PULL_REFS=master:7ad7fc1cdd1ae1e0be3f637d1c3f694edcb0a947,1:78d01e1a65a77148e4b41c802c699da1f9ddca06
DEBUG: LC_ALL=C JX_LOG_LEVEL=error git fetch origin --unshallow 78d01e1a65a77148e4b41c802c699da1f9ddca06: 7ad7fc1cdd1ae1e0be3f637d1c3f694edcb0a947:
DEBUG: ran git fetch --unshallow origin 78d01e1a65a77148e4b41c802c699da1f9ddca06: 7ad7fc1cdd1ae1e0be3f637d1c3f694edcb0a947: in 
DEBUG: LC_ALL=C JX_LOG_LEVEL=error git branch
DEBUG: LC_ALL=C JX_LOG_LEVEL=error git checkout master
DEBUG: ran git checkout master in 
DEBUG: LC_ALL=C JX_LOG_LEVEL=error git reset --hard 7ad7fc1cdd1ae1e0be3f637d1c3f694edcb0a947
DEBUG: ran git reset --hard 7ad7fc1cdd1ae1e0be3f637d1c3f694edcb0a947 in 
DEBUG: LC_ALL=C JX_LOG_LEVEL=error git clean -fd .
DEBUG: ran clean --force -d . in 
DEBUG: LC_ALL=C JX_LOG_LEVEL=error git merge 78d01e1a65a77148e4b41c802c699da1f9ddca06
DEBUG: ran git merge 78d01e1a65a77148e4b41c802c699da1f9ddca06 in 
DEBUG: LC_ALL=C JX_LOG_LEVEL=error git log --format=%H%x1f%an%x1f%ae%x1f%cn%x1f%ce%x1f%s%n%b%x1e 7ad7fc1cdd1ae1e0be3f637d1c3f694edcb0a947..HEAD
Merged SHA 78d01e1a65a77148e4b41c802c699da1f9ddca06 with commit message 'chore: Promote bdd-nh-1585146805 to version 0.0.1' into base branch master

Showing logs for build [32mcb-kubecd-environment-pr-469-4-7fl8v-1[0m stage [32mfrom-build-pack[0m and container [32mstep-build-helm-build[0m
WARNING: No $CHART_REPOSITORY defined so using the default value of: http://jenkins-x-chartmuseum:8080
Adding missing Helm repo: storage.googleapis.com https://storage.googleapis.com/chartmuseum.jenkins-x.io
WARNING: No secrets found on "helm/repos" due: reading the secret "helm/repos" from vault: no secret "helm/repos" not found in vault
Read credentials for https://storage.googleapis.com/chartmuseum.jenkins-x.io from vault helm/repos
Successfully added Helm repository storage.googleapis.com.
Adding missing Helm repo: jenkins-x-chartmuseum http://jenkins-x-chartmuseum:8080
WARNING: No secrets found on "helm/repos" due: reading the secret "helm/repos" from vault: no secret "helm/repos" not found in vault
Read credentials for http://jenkins-x-chartmuseum:8080 from vault helm/repos
Successfully added Helm repository jenkins-x-chartmuseum.
WARNING: No $CHART_REPOSITORY defined so using the default value of: http://jenkins-x-chartmuseum:8080
Adding missing Helm repo: chartmuseum.jenkins-x.io http://chartmuseum.jenkins-x.io
WARNING: No secrets found on "helm/repos" due: reading the secret "helm/repos" from vault: no secret "helm/repos" not found in vault
Read credentials for http://chartmuseum.jenkins-x.io from vault helm/repos
Successfully added Helm repository chartmuseum.jenkins-x.io.
